<?xml version="1.0" encoding="UTF-8"?>
<testng-results ignored="6" total="19" passed="13" failed="0" skipped="0">
  <reporter-output>
  </reporter-output>
  <suite started-at="2020-12-08T17:39:15 PKT" name="Suite" finished-at="2020-12-08T17:40:41 PKT" duration-ms="86192">
    <groups>
    </groups>
    <test started-at="2020-12-08T17:39:15 PKT" name="Emerald Complete Testing Flow" finished-at="2020-12-08T17:39:15 PKT" duration-ms="7">
    </test> <!-- Emerald Complete Testing Flow -->
    <test started-at="2020-12-08T17:39:15 PKT" name="New.test.Project" finished-at="2020-12-08T17:40:41 PKT" duration-ms="86152">
      <class name="com.em.testcases.CallLog_Windows_TestCases">
        <test-method signature="Switch_toCall_LogWindwo()[pri:12, instance:com.em.testcases.CallLog_Windows_TestCases@4c39bec8]" started-at="2020-12-08T17:39:45 PKT" name="Switch_toCall_LogWindwo" finished-at="2020-12-08T17:39:58 PKT" duration-ms="12209" status="PASS">
          <reporter-output>
          </reporter-output>
        </test-method> <!-- Switch_toCall_LogWindwo -->
      </class> <!-- com.em.testcases.CallLog_Windows_TestCases -->
      <class name="com.em.testcases.CreateApplication_TestCases">
        <test-method signature="TestCreate_ApplicationPage_are_Displayed(java.lang.String, java.lang.String)[pri:13, instance:com.em.testcases.CreateApplication_TestCases@f79e]" started-at="2020-12-08T17:39:58 PKT" name="TestCreate_ApplicationPage_are_Displayed" finished-at="2020-12-08T17:40:08 PKT" duration-ms="10384" status="PASS">
          <params>
            <param index="0">
              <value>
                <![CDATA[https://emeralddev.cubefunder.com/applications]]>
              </value>
            </param>
            <param index="1">
              <value>
                <![CDATA[Emerald | Application]]>
              </value>
            </param>
          </params>
          <reporter-output>
          </reporter-output>
        </test-method> <!-- TestCreate_ApplicationPage_are_Displayed -->
        <test-method signature="ClickOn_Save_or_CreateApplication_Button(java.lang.String)[pri:14, instance:com.em.testcases.CreateApplication_TestCases@f79e]" started-at="2020-12-08T17:40:08 PKT" name="ClickOn_Save_or_CreateApplication_Button" finished-at="2020-12-08T17:40:18 PKT" duration-ms="10393" status="PASS">
          <params>
            <param index="0">
              <value>
                <![CDATA[Please Fill The Following Fields.   Loan Applied must be between 5,000 and 1,000,000   Loan term is required   Source is required   Main Guarantor   Title is required   Forename is required   Surname is required   Date of Birth is required   Mobile is required   Email is required   Company   Company name is required   Registration number is required   Business type is required   Incorporation Date is required   Registered Address   At least one is required Property,Building Name or Sub Building Name   Post code is required]]>
              </value>
            </param>
          </params>
          <reporter-output>
          </reporter-output>
        </test-method> <!-- ClickOn_Save_or_CreateApplication_Button -->
        <test-method signature="CheckCompany_sectionText_areAvailble(java.lang.String)[pri:15, instance:com.em.testcases.CreateApplication_TestCases@f79e]" started-at="2020-12-08T17:40:18 PKT" name="CheckCompany_sectionText_areAvailble" finished-at="2020-12-08T17:40:18 PKT" duration-ms="67" status="PASS">
          <params>
            <param index="0">
              <value>
                <![CDATA[Company]]>
              </value>
            </param>
          </params>
          <reporter-output>
          </reporter-output>
        </test-method> <!-- CheckCompany_sectionText_areAvailble -->
        <test-method signature="Test_CompanyName_are_Entered(java.lang.String)[pri:16, instance:com.em.testcases.CreateApplication_TestCases@f79e]" started-at="2020-12-08T17:40:18 PKT" name="Test_CompanyName_are_Entered" finished-at="2020-12-08T17:40:19 PKT" duration-ms="762" status="PASS">
          <params>
            <param index="0">
              <value>
                <![CDATA[New Acres Development ltd]]>
              </value>
            </param>
          </params>
          <reporter-output>
          </reporter-output>
        </test-method> <!-- Test_CompanyName_are_Entered -->
        <test-method signature="Test_SearchCompany_Text_and_CrossButton(java.lang.String)[pri:17, instance:com.em.testcases.CreateApplication_TestCases@f79e]" started-at="2020-12-08T17:40:19 PKT" name="Test_SearchCompany_Text_and_CrossButton" finished-at="2020-12-08T17:40:30 PKT" duration-ms="10379" status="PASS">
          <params>
            <param index="0">
              <value>
                <![CDATA[New Acres Development ltd]]>
              </value>
            </param>
          </params>
          <reporter-output>
          </reporter-output>
        </test-method> <!-- Test_SearchCompany_Text_and_CrossButton -->
        <test-method signature="Test_to_SelectEnteredCompany(java.lang.String)[pri:18, instance:com.em.testcases.CreateApplication_TestCases@f79e]" started-at="2020-12-08T17:40:30 PKT" name="Test_to_SelectEnteredCompany" finished-at="2020-12-08T17:40:30 PKT" duration-ms="615" status="PASS">
          <params>
            <param index="0">
              <value>
                <![CDATA[New Acres Development ltd]]>
              </value>
            </param>
          </params>
          <reporter-output>
          </reporter-output>
        </test-method> <!-- Test_to_SelectEnteredCompany -->
        <test-method signature="Test_CompanyText_and_Cross_Button(java.lang.String)[pri:19, instance:com.em.testcases.CreateApplication_TestCases@f79e]" started-at="2020-12-08T17:40:30 PKT" name="Test_CompanyText_and_Cross_Button" finished-at="2020-12-08T17:40:41 PKT" duration-ms="11034" status="PASS">
          <params>
            <param index="0">
              <value>
                <![CDATA[New Acres Development ltd]]>
              </value>
            </param>
          </params>
          <reporter-output>
          </reporter-output>
        </test-method> <!-- Test_CompanyText_and_Cross_Button -->
      </class> <!-- com.em.testcases.CreateApplication_TestCases -->
      <class name="com.em.common.BrowsersFactory">
        <test-method is-config="true" signature="startBrowser(java.lang.String)[pri:0, instance:com.em.common.BrowsersFactory@5b94b04d]" started-at="2020-12-08T17:39:15 PKT" name="startBrowser" finished-at="2020-12-08T17:39:21 PKT" duration-ms="5686" status="PASS">
          <params>
            <param index="0">
              <value>
                <![CDATA[chrome]]>
              </value>
            </param>
          </params>
          <reporter-output>
          </reporter-output>
        </test-method> <!-- startBrowser -->
        <test-method is-config="true" signature="afterMethod()[pri:0, instance:com.em.common.BrowsersFactory@5b94b04d]" started-at="2020-12-08T17:40:41 PKT" name="afterMethod" finished-at="2020-12-08T17:40:41 PKT" duration-ms="0" status="PASS">
          <reporter-output>
          </reporter-output>
        </test-method> <!-- afterMethod -->
      </class> <!-- com.em.common.BrowsersFactory -->
      <class name="com.em.testcases.LoginPage_TestCases">
        <test-method signature="Emerald_Lunched(java.lang.String, java.lang.String)[pri:1, instance:com.em.testcases.LoginPage_TestCases@8c3b9d]" started-at="2020-12-08T17:39:21 PKT" name="Emerald_Lunched" finished-at="2020-12-08T17:39:34 PKT" duration-ms="13490" status="PASS">
          <params>
            <param index="0">
              <value>
                <![CDATA[https://emeralddev.cubefunder.com/]]>
              </value>
            </param>
            <param index="1">
              <value>
                <![CDATA[Emerald | Login]]>
              </value>
            </param>
          </params>
          <reporter-output>
          </reporter-output>
        </test-method> <!-- Emerald_Lunched -->
        <test-method signature="Test_Login_Logo_Text_isPresent()[pri:2, instance:com.em.testcases.LoginPage_TestCases@8c3b9d]" started-at="2020-12-08T17:39:34 PKT" name="Test_Login_Logo_Text_isPresent" finished-at="2020-12-08T17:39:34 PKT" duration-ms="93" status="PASS">
          <reporter-output>
          </reporter-output>
        </test-method> <!-- Test_Login_Logo_Text_isPresent -->
        <test-method signature="Test_Username_Text_isPresent()[pri:3, instance:com.em.testcases.LoginPage_TestCases@8c3b9d]" started-at="2020-12-08T17:39:34 PKT" name="Test_Username_Text_isPresent" finished-at="2020-12-08T17:39:34 PKT" duration-ms="55" status="PASS">
          <reporter-output>
          </reporter-output>
        </test-method> <!-- Test_Username_Text_isPresent -->
        <test-method signature="Test_Password_Text_isPresent()[pri:4, instance:com.em.testcases.LoginPage_TestCases@8c3b9d]" started-at="2020-12-08T17:39:34 PKT" name="Test_Password_Text_isPresent" finished-at="2020-12-08T17:39:35 PKT" duration-ms="51" status="PASS">
          <reporter-output>
          </reporter-output>
        </test-method> <!-- Test_Password_Text_isPresent -->
        <test-method signature="valid_login(java.lang.String, java.lang.String)[pri:11, instance:com.em.testcases.LoginPage_TestCases@8c3b9d]" started-at="2020-12-08T17:39:35 PKT" name="valid_login" finished-at="2020-12-08T17:39:45 PKT" duration-ms="10843" status="PASS">
          <params>
            <param index="0">
              <value>
                <![CDATA[zulfiqar]]>
              </value>
            </param>
            <param index="1">
              <value>
                <![CDATA[Us@12e34]]>
              </value>
            </param>
          </params>
          <reporter-output>
          </reporter-output>
        </test-method> <!-- valid_login -->
      </class> <!-- com.em.testcases.LoginPage_TestCases -->
    </test> <!-- New.test.Project -->
  </suite> <!-- Suite -->
</testng-results>
