<?xml version="1.0" encoding="UTF-8"?>
<!-- Generated by org.testng.reporters.JUnitXMLReporter -->
<testsuite ignored="6" hostname="DESKTOP-OAC4TPN" failures="0" tests="15" name="New.test.Project" time="102.173" errors="0" timestamp="2020-12-07T12:07:11 PKT">
  <testcase classname="com.em.testcases.LoginPage_TestCases" name="Emerald_Lunched" time="13.918"/>
  <testcase classname="com.em.testcases.LoginPage_TestCases" name="Test_Login_Logo_Text_isPresent" time="0.097"/>
  <testcase classname="com.em.testcases.LoginPage_TestCases" name="Test_Username_Text_isPresent" time="0.058"/>
  <testcase classname="com.em.testcases.LoginPage_TestCases" name="Test_Password_Text_isPresent" time="0.053"/>
  <testcase classname="com.em.testcases.LoginPage_TestCases" name="Click_LoginButton_without_usernamePaswword" time="6.678"/>
  <testcase classname="com.em.testcases.LoginPage_TestCases" name="Test_LoginButton" time="0.059"/>
  <testcase classname="com.em.testcases.LoginPage_TestCases" name="Test_Show_Hide_PasswordButton" time="0.44"/>
  <testcase classname="com.em.testcases.LoginPage_TestCases" name="Test_login_without_Username" time="14.012"/>
  <testcase classname="com.em.testcases.LoginPage_TestCases" name="Test_login_without_Password" time="14.016"/>
  <testcase classname="com.em.testcases.LoginPage_TestCases" name="Test_for_Invalid_login" time="12.232"/>
  <testcase classname="com.em.testcases.LoginPage_TestCases" name="valid_login" time="10.712"/>
  <testcase classname="com.em.testcases.CallLog_Windows_TestCases" name="Switch_toCall_LogWindwo" time="12.184"/>
  <testcase classname="com.em.testcases.CreateApplication_TestCases" name="TestCreate_ApplicationPage_are_Displayed" time="10.447"/>
  <testcase classname="com.em.testcases.CreateApplication_TestCases" name="ClickOn_Save_or_CreateApplication_Button" time="1.361"/>
  <testcase classname="com.em.testcases.CreateApplication_TestCases" name="CheckCompany_sectionText_areAvailble" time="0.065"/>
  <testcase classname="com.em.common.BrowsersFactory" name="@BeforeTest startBrowser" time="0.0">
    <ignored/>
  </testcase> <!-- @BeforeTest startBrowser -->
  <testcase classname="com.em.common.BrowsersFactory" name="@BeforeTest startBrowser" time="0.0">
    <ignored/>
  </testcase> <!-- @BeforeTest startBrowser -->
  <testcase classname="com.em.common.BrowsersFactory" name="@BeforeTest startBrowser" time="0.0">
    <ignored/>
  </testcase> <!-- @BeforeTest startBrowser -->
  <testcase classname="com.em.common.BrowsersFactory" name="@AfterTest afterMethod" time="0.0">
    <ignored/>
  </testcase> <!-- @AfterTest afterMethod -->
  <testcase classname="com.em.common.BrowsersFactory" name="@AfterTest afterMethod" time="0.0">
    <ignored/>
  </testcase> <!-- @AfterTest afterMethod -->
  <testcase classname="com.em.common.BrowsersFactory" name="@AfterTest afterMethod" time="0.0">
    <ignored/>
  </testcase> <!-- @AfterTest afterMethod -->
</testsuite> <!-- New.test.Project -->
