<?xml version="1.0" encoding="UTF-8"?>
<!-- Generated by org.testng.reporters.JUnitXMLReporter -->
<testsuite ignored="6" hostname="DESKTOP-OAC4TPN" failures="0" tests="24" name="New.test.Project" time="252.773" errors="0" timestamp="2020-12-10T10:41:04 PKT">
  <testcase classname="com.em.testcases.LoginPage_TestCases" name="Test_LoginPage_Emerald_Lunched_1" time="16.449"/>
  <testcase classname="com.em.testcases.LoginPage_TestCases" name="Test_LoginPage_Logo_Text_isPresent_2" time="0.123"/>
  <testcase classname="com.em.testcases.LoginPage_TestCases" name="Test_LoginPage_Username_Text_isPresent_3" time="0.06"/>
  <testcase classname="com.em.testcases.LoginPage_TestCases" name="Test_LoginPage_Password_Text_isPresent_4" time="0.052"/>
  <testcase classname="com.em.testcases.LoginPage_TestCases" name="Test_LoginPage_valid_login_11" time="10.845"/>
  <testcase classname="com.em.testcases.CallLog_Windows_TestCases" name="Test_CallLog_Windows_Switch_toCall_12" time="12.217"/>
  <testcase classname="com.em.testcases.CreateApplication_MG_TestCases" name="Test_CreateApplication_MG_Page_are_Displayed_13" time="10.397"/>
  <testcase classname="com.em.testcases.CreateApplication_MG_TestCases" name="Test_CreateApplication_MG_To_ClickOn_Save_Button_14" time="10.608"/>
  <testcase classname="com.em.testcases.CreateApplication_MG_TestCases" name="Test_CreateApplication_MG_Company_sectionText_areAvailble_15" time="0.066"/>
  <testcase classname="com.em.testcases.CreateApplication_MG_TestCases" name="Test_CreateApplication_MG_CompanyName_are_Entered_16" time="0.752"/>
  <testcase classname="com.em.testcases.CreateApplication_MG_TestCases" name="Test_CreateApplication_MG_To_SearchCompany_Text_and_CrossButton_17" time="10.331"/>
  <testcase classname="com.em.testcases.CreateApplication_MG_TestCases" name="Test_CreateApplication_MG_to_SelectEnteredCompany_18" time="0.691"/>
  <testcase classname="com.em.testcases.CreateApplication_MG_TestCases" name="Test_CreateApplication_MG_CompanyText_and_Cross_Button_19" time="11.4"/>
  <testcase classname="com.em.testcases.CreateApplication_MG_TestCases" name="Test_Createapplication_MG_to_Select_all_Directors_and_Submit_Button_20" time="10.774"/>
  <testcase classname="com.em.testcases.CreateApplication_MG_TestCases" name="Test_CreateApplication_MG_Title_areSelected_21" time="10.187"/>
  <testcase classname="com.em.testcases.CreateApplication_MG_TestCases" name="Test_CreateApplication_MG_Forename_Icon_are_Present_22" time="10.06"/>
  <testcase classname="com.em.testcases.CreateApplication_MG_TestCases" name="Test_CreateApplication_MG_Forename_validationTooltip_Msgs_23" time="34.929"/>
  <testcase classname="com.em.testcases.CreateApplication_MG_TestCases" name="Test_CreateApplication_MG_Forename_are_Entered_24" time="10.427"/>
  <testcase classname="com.em.testcases.CreateApplication_MG_TestCases" name="Test_CreateApplication_MG_Middlename_Icon_are_Present_25" time="10.073"/>
  <testcase classname="com.em.testcases.CreateApplication_MG_TestCases" name="Test_CreateApplication_MG_Middlename_validationTooltip_Msgs_26" time="22.703"/>
  <testcase classname="com.em.testcases.CreateApplication_MG_TestCases" name="Test_CreateApplication_MG_Forename_are_Entered_27" time="10.471"/>
  <testcase classname="com.em.testcases.CreateApplication_MG_TestCases" name="Test_CreateApplication_MG_Surname_Icon_are_Present_28" time="10.107"/>
  <testcase classname="com.em.testcases.CreateApplication_MG_TestCases" name="Test_CreateApplication_MG_Surname_validationTooltip_Msgs_29" time="22.628"/>
  <testcase classname="com.em.testcases.CreateApplication_MG_TestCases" name="Test_CreateApplication_MG_Surname_are_Entered_30" time="10.414"/>
  <testcase classname="com.em.common.BrowsersFactory" name="@BeforeTest startBrowser" time="0.0">
    <ignored/>
  </testcase> <!-- @BeforeTest startBrowser -->
  <testcase classname="com.em.common.BrowsersFactory" name="@BeforeTest startBrowser" time="0.0">
    <ignored/>
  </testcase> <!-- @BeforeTest startBrowser -->
  <testcase classname="com.em.common.BrowsersFactory" name="@BeforeTest startBrowser" time="0.0">
    <ignored/>
  </testcase> <!-- @BeforeTest startBrowser -->
  <testcase classname="com.em.common.BrowsersFactory" name="@AfterTest afterMethod" time="0.0">
    <ignored/>
  </testcase> <!-- @AfterTest afterMethod -->
  <testcase classname="com.em.common.BrowsersFactory" name="@AfterTest afterMethod" time="0.0">
    <ignored/>
  </testcase> <!-- @AfterTest afterMethod -->
  <testcase classname="com.em.common.BrowsersFactory" name="@AfterTest afterMethod" time="0.0">
    <ignored/>
  </testcase> <!-- @AfterTest afterMethod -->
</testsuite> <!-- New.test.Project -->
